<?xml version="1.0" encoding="UTF-8"?>
<!-- Generated by org.testng.reporters.JUnitReportReporter -->
<testsuite hostname="DESKTOP-5OCDMTC" failures="0" tests="1" name="admin.EmiCalculator" time="67.868" errors="0" timestamp="2023-07-10T13:23:17 IST" skipped="0">
  <testcase classname="admin.EmiCalculator" name="emi" time="67.868"/>
  <system-out/>
</testsuite> <!-- admin.EmiCalculator -->
