<?xml version="1.0" encoding="UTF-8"?>
<!-- Generated by org.testng.reporters.JUnitReportReporter -->
<testsuite hostname="DESKTOP-5OCDMTC" failures="0" tests="1" name="jdbc.ExceldataPeovider" time="1.726" errors="0" timestamp="2023-05-24T12:09:26 IST" skipped="0">
  <testcase classname="jdbc.ExceldataPeovider" name="getDataExcel" time="1.726"/>
  <system-out/>
</testsuite> <!-- jdbc.ExceldataPeovider -->
