<?xml version="1.0" encoding="UTF-8"?>
<!-- Generated by org.testng.reporters.JUnitReportReporter -->
<testsuite hostname="DESKTOP-5OCDMTC" failures="0" tests="1" name="stringpractice.AddTwoArrayDiffrentLength" time="0.086" errors="0" timestamp="2023-07-10T22:30:10 IST" skipped="0">
  <testcase classname="stringpractice.AddTwoArrayDiffrentLength" name="test1" time="0.086"/>
  <system-out>
    <![CDATA[test1----->TestScript Execution Started
test1TestScript Execution Successfull]]>
  </system-out>
</testsuite> <!-- stringpractice.AddTwoArrayDiffrentLength -->
