<?xml version="1.0" encoding="UTF-8"?>
<!-- Generated by org.testng.reporters.JUnitReportReporter -->
<testsuite hostname="DESKTOP-5OCDMTC" failures="0" tests="4" name="jdbc.TestNgPractice" time="0.087" errors="0" timestamp="2023-05-23T17:15:51 IST" skipped="0">
  <testcase classname="jdbc.TestNgPractice" name="deleteUser" time="0.016"/>
  <system-out/>
  <testcase classname="jdbc.TestNgPractice" name="readUser" time="0.014"/>
  <system-out/>
  <testcase classname="jdbc.TestNgPractice" name="createUser" time="0.048"/>
  <system-out/>
  <testcase classname="jdbc.TestNgPractice" name="updateUser" time="0.009"/>
  <system-out/>
</testsuite> <!-- jdbc.TestNgPractice -->
