<?xml version="1.0" encoding="UTF-8"?>
<!-- Generated by org.testng.reporters.JUnitReportReporter -->
<testsuite hostname="DESKTOP-5OCDMTC" failures="0" tests="11" name="jdbc.DataProviderClass2" time="0.184" errors="0" timestamp="2023-05-29T15:22:38 IST" skipped="0">
  <testcase classname="jdbc.DataProviderClass2" name="employee" time="0.031"/>
  <system-out/>
  <testcase classname="jdbc.DataProviderClass2" name="employee" time="0.011"/>
  <system-out/>
  <testcase classname="jdbc.DataProviderClass2" name="print" time="0.006"/>
  <system-out/>
  <testcase classname="jdbc.DataProviderClass2" name="employee" time="0.022"/>
  <system-out/>
  <testcase classname="jdbc.DataProviderClass2" name="employee" time="0.004"/>
  <system-out/>
  <testcase classname="jdbc.DataProviderClass2" name="print" time="0.004"/>
  <system-out/>
  <testcase classname="jdbc.DataProviderClass2" name="employee" time="0.020"/>
  <system-out/>
  <testcase classname="jdbc.DataProviderClass2" name="print" time="0.018"/>
  <system-out/>
  <testcase classname="jdbc.DataProviderClass2" name="employee" time="0.040"/>
  <system-out/>
  <testcase classname="jdbc.DataProviderClass2" name="employee" time="0.021"/>
  <system-out/>
  <testcase classname="jdbc.DataProviderClass2" name="employee" time="0.007"/>
  <system-out/>
</testsuite> <!-- jdbc.DataProviderClass2 -->
